d:\vstplugins2019\vst3sdk\vstbuild\cmakefiles\generate.stamp
d:\vstplugins2019\vst3sdk\vstbuild\vstgui.build\cmakefiles\generate.stamp
d:\vstplugins2019\vst3sdk\vstbuild\vstgui.build\lib\cmakefiles\generate.stamp
d:\vstplugins2019\vst3sdk\vstbuild\vstgui.build\uidescription\cmakefiles\generate.stamp
d:\vstplugins2019\vst3sdk\vstbuild\vstgui.build\tools\cmakefiles\generate.stamp
d:\vstplugins2019\vst3sdk\vstbuild\vstgui.build\tools\uidesccompressor\cmakefiles\generate.stamp
d:\vstplugins2019\vst3sdk\vstbuild\pluginterfaces\cmakefiles\generate.stamp
d:\vstplugins2019\vst3sdk\vstbuild\base\cmakefiles\generate.stamp
d:\vstplugins2019\vst3sdk\vstbuild\public.sdk\cmakefiles\generate.stamp
d:\vstplugins2019\vst3sdk\vstbuild\public.sdk\source\vst\interappaudio\cmakefiles\generate.stamp
d:\vstplugins2019\vst3sdk\vstbuild\public.sdk\samples\vst-hosting\cmakefiles\generate.stamp
d:\vstplugins2019\vst3sdk\vstbuild\public.sdk\samples\vst-hosting\audiohost\cmakefiles\generate.stamp
d:\vstplugins2019\vst3sdk\vstbuild\public.sdk\samples\vst-hosting\editorhost\cmakefiles\generate.stamp
d:\vstplugins2019\vst3sdk\vstbuild\public.sdk\samples\vst-hosting\validator\cmakefiles\generate.stamp
d:\vstplugins2019\vst3sdk\vstbuild\public.sdk\samples\vst\cmakefiles\generate.stamp
d:\vstplugins2019\vst3sdk\vstbuild\public.sdk\samples\vst\interappaudio\cmakefiles\generate.stamp
d:\vstplugins2019\vst3sdk\vstbuild\public.sdk\samples\vst\adelay\cmakefiles\generate.stamp
d:\vstplugins2019\vst3sdk\vstbuild\public.sdk\samples\vst\again\cmakefiles\generate.stamp
d:\vstplugins2019\vst3sdk\vstbuild\public.sdk\samples\vst\again_aax\cmakefiles\generate.stamp
d:\vstplugins2019\vst3sdk\vstbuild\public.sdk\samples\vst\again_auv3\cmakefiles\generate.stamp
d:\vstplugins2019\vst3sdk\vstbuild\public.sdk\samples\vst\channelcontext\cmakefiles\generate.stamp
d:\vstplugins2019\vst3sdk\vstbuild\public.sdk\samples\vst\hostchecker\cmakefiles\generate.stamp
d:\vstplugins2019\vst3sdk\vstbuild\public.sdk\samples\vst\hostchecker_aax\cmakefiles\generate.stamp
d:\vstplugins2019\vst3sdk\vstbuild\public.sdk\samples\vst\legacymidiccout\cmakefiles\generate.stamp
d:\vstplugins2019\vst3sdk\vstbuild\public.sdk\samples\vst\mda-vst3\cmakefiles\generate.stamp
d:\vstplugins2019\vst3sdk\vstbuild\public.sdk\samples\vst\note_expression_synth\cmakefiles\generate.stamp
d:\vstplugins2019\vst3sdk\vstbuild\public.sdk\samples\vst\note_expression_synth_auv3\cmakefiles\generate.stamp
d:\vstplugins2019\vst3sdk\vstbuild\public.sdk\samples\vst\note_expression_text\cmakefiles\generate.stamp
d:\vstplugins2019\vst3sdk\vstbuild\public.sdk\samples\vst\panner\cmakefiles\generate.stamp
d:\vstplugins2019\vst3sdk\vstbuild\public.sdk\samples\vst\pitchnames\cmakefiles\generate.stamp
d:\vstplugins2019\vst3sdk\vstbuild\public.sdk\samples\vst\prefetchablesupport\cmakefiles\generate.stamp
d:\vstplugins2019\vst3sdk\vstbuild\public.sdk\samples\vst\programchange\cmakefiles\generate.stamp
d:\vstplugins2019\vst3sdk\vstbuild\public.sdk\samples\vst\syncdelay\cmakefiles\generate.stamp
d:\vstplugins2019\vst3sdk\vstbuild\public.sdk\source\vst\auwrapper\again\cmakefiles\generate.stamp
d:\vstplugins2019\vst3sdk\vstbuild\public.sdk\source\vst\auv3wrapper\cmakefiles\generate.stamp
d:\vstplugins2019\vst3sdk\vstbuild\x64\debug\zero_check\zero_check.tlog\custombuild.command.1.tlog
d:\vstplugins2019\vst3sdk\vstbuild\x64\debug\zero_check\zero_check.tlog\custombuild.read.1.tlog
d:\vstplugins2019\vst3sdk\vstbuild\x64\debug\zero_check\zero_check.tlog\custombuild.write.1.tlog
