d:\vstplugins2019\vst3sdkrev\vstbuild\base\base.dir\debug\fdebug.obj
d:\vstplugins2019\vst3sdkrev\vstbuild\base\base.dir\debug\fstreamer.obj
d:\vstplugins2019\vst3sdkrev\vstbuild\base\base.dir\debug\flock.obj
d:\vstplugins2019\vst3sdkrev\vstbuild\base\base.dir\debug\fstring.obj
d:\vstplugins2019\vst3sdkrev\vstbuild\base\base.dir\debug\timer.obj
d:\vstplugins2019\vst3sdkrev\vstbuild\base\base.dir\debug\fdynlib.obj
d:\vstplugins2019\vst3sdkrev\vstbuild\base\base.dir\debug\baseiids.obj
d:\vstplugins2019\vst3sdkrev\vstbuild\base\base.dir\debug\updatehandler.obj
d:\vstplugins2019\vst3sdkrev\vstbuild\base\base.dir\debug\fobject.obj
d:\vstplugins2019\vst3sdkrev\vstbuild\base\base.dir\debug\fbuffer.obj
d:\vstplugins2019\vst3sdkrev\vstbuild\base\base.dir\debug\fcondition.obj
d:\vstplugins2019\vst3sdk\vstbuild\lib\debug\base.pdb
d:\vstplugins2019\vst3sdk\vstbuild\base\cmakefiles\generate.stamp
d:\vstplugins2019\vst3sdk\vstbuild\lib\debug\base.lib
d:\vstplugins2019\vst3sdkrev\vstbuild\base\base.dir\debug\base.tlog\cl.10632.write.1.tlog
d:\vstplugins2019\vst3sdkrev\vstbuild\base\base.dir\debug\base.tlog\cl.command.1.tlog
d:\vstplugins2019\vst3sdkrev\vstbuild\base\base.dir\debug\base.tlog\cl.read.1.tlog
d:\vstplugins2019\vst3sdkrev\vstbuild\base\base.dir\debug\base.tlog\custombuild.command.1.tlog
d:\vstplugins2019\vst3sdkrev\vstbuild\base\base.dir\debug\base.tlog\custombuild.read.1.tlog
d:\vstplugins2019\vst3sdkrev\vstbuild\base\base.dir\debug\base.tlog\custombuild.write.1.tlog
d:\vstplugins2019\vst3sdkrev\vstbuild\base\base.dir\debug\base.tlog\lib-link.read.1.tlog
d:\vstplugins2019\vst3sdkrev\vstbuild\base\base.dir\debug\base.tlog\lib-link.write.1.tlog
d:\vstplugins2019\vst3sdkrev\vstbuild\base\base.dir\debug\base.tlog\lib.command.1.tlog
