d:\vstplugins2019\vst3sdkrev\x64\debug\audioplugsharpvst.lib
d:\vstplugins2019\vst3sdkrev\x64\debug\audioplugsharpvst.exp
d:\vstplugins2019\vst3sdkrev\audioplugsharpvst\x64\debug\vc142.pdb
d:\vstplugins2019\vst3sdkrev\audioplugsharpvst\x64\debug\.netcoreapp,version=v5.0.assemblyattributes.obj
d:\vstplugins2019\vst3sdkrev\audioplugsharpvst\x64\debug\audioplugsharpeditor.obj
d:\vstplugins2019\vst3sdkrev\audioplugsharpvst\x64\debug\audioplugsharpparameter.obj
d:\vstplugins2019\vst3sdkrev\audioplugsharpvst\x64\debug\audioplugsharpfactory.obj
d:\vstplugins2019\vst3sdkrev\audioplugsharpvst\x64\debug\audioplugsharpentrypoints.obj
d:\vstplugins2019\vst3sdkrev\audioplugsharpvst\x64\debug\audioplugsharpcontroller.obj
d:\vstplugins2019\vst3sdkrev\audioplugsharpvst\x64\debug\audioplugsharpprocessor.obj
d:\vstplugins2019\vst3sdkrev\audioplugsharpvst\x64\debug\audioplugsharphost.obj
d:\vstplugins2019\vst3sdkrev\x64\debug\audioplugsharp.dll
d:\vstplugins2019\vst3sdkrev\x64\debug\audioplugsharp.deps.json
d:\vstplugins2019\vst3sdkrev\x64\debug\audioplugsharpvst.vst3
d:\vstplugins2019\vst3sdkrev\x64\debug\audioplugsharpvst.pdb
d:\vstplugins2019\vst3sdkrev\audioplugsharpvst\x64\debug\audioplu.99bcc0c3.tlog\audioplugsharpvst.write.1u.tlog
d:\vstplugins2019\vst3sdkrev\audioplugsharpvst\x64\debug\audioplu.99bcc0c3.tlog\cl.command.1.tlog
d:\vstplugins2019\vst3sdkrev\audioplugsharpvst\x64\debug\audioplu.99bcc0c3.tlog\cl.read.1.tlog
d:\vstplugins2019\vst3sdkrev\audioplugsharpvst\x64\debug\audioplu.99bcc0c3.tlog\cl.write.1.tlog
d:\vstplugins2019\vst3sdkrev\audioplugsharpvst\x64\debug\audioplu.99bcc0c3.tlog\copylocal.read.1u.tlog
d:\vstplugins2019\vst3sdkrev\audioplugsharpvst\x64\debug\audioplu.99bcc0c3.tlog\copylocal.write.1u.tlog
d:\vstplugins2019\vst3sdkrev\audioplugsharpvst\x64\debug\audioplu.99bcc0c3.tlog\link.command.1.tlog
d:\vstplugins2019\vst3sdkrev\audioplugsharpvst\x64\debug\audioplu.99bcc0c3.tlog\link.read.1.tlog
d:\vstplugins2019\vst3sdkrev\audioplugsharpvst\x64\debug\audioplu.99bcc0c3.tlog\link.write.1.tlog
