d:\vstplugins2019\vst3sdkrev\vstbuild\public.sdk\sdk.dir\debug\vstcomponentbase.obj
d:\vstplugins2019\vst3sdkrev\vstbuild\public.sdk\sdk.dir\debug\vstnoteexpressiontypes.obj
d:\vstplugins2019\vst3sdkrev\vstbuild\public.sdk\sdk.dir\debug\vst2persistence.obj
d:\vstplugins2019\vst3sdkrev\vstbuild\public.sdk\sdk.dir\debug\vstcomponent.obj
d:\vstplugins2019\vst3sdkrev\vstbuild\public.sdk\sdk.dir\debug\vstrepresentation.obj
d:\vstplugins2019\vst3sdkrev\vstbuild\public.sdk\sdk.dir\debug\vstbus.obj
d:\vstplugins2019\vst3sdkrev\vstbuild\public.sdk\sdk.dir\debug\vstparameters.obj
d:\vstplugins2019\vst3sdkrev\vstbuild\public.sdk\sdk.dir\debug\pluginfactory.obj
d:\vstplugins2019\vst3sdkrev\vstbuild\public.sdk\sdk.dir\debug\vstinitiids.obj
d:\vstplugins2019\vst3sdkrev\vstbuild\public.sdk\sdk.dir\debug\stringconvert.obj
d:\vstplugins2019\vst3sdkrev\vstbuild\public.sdk\sdk.dir\debug\vstaudioeffect.obj
d:\vstplugins2019\vst3sdkrev\vstbuild\public.sdk\sdk.dir\debug\pluginview.obj
d:\vstplugins2019\vst3sdkrev\vstbuild\public.sdk\sdk.dir\debug\vsteditcontroller.obj
d:\vstplugins2019\vst3sdk\vstbuild\lib\debug\sdk.pdb
d:\vstplugins2019\vst3sdk\vstbuild\public.sdk\cmakefiles\generate.stamp
d:\vstplugins2019\vst3sdk\vstbuild\lib\debug\sdk.lib
d:\vstplugins2019\vst3sdkrev\vstbuild\public.sdk\sdk.dir\debug\sdk.tlog\cl.12520.write.1.tlog
d:\vstplugins2019\vst3sdkrev\vstbuild\public.sdk\sdk.dir\debug\sdk.tlog\cl.command.1.tlog
d:\vstplugins2019\vst3sdkrev\vstbuild\public.sdk\sdk.dir\debug\sdk.tlog\cl.read.1.tlog
d:\vstplugins2019\vst3sdkrev\vstbuild\public.sdk\sdk.dir\debug\sdk.tlog\custombuild.command.1.tlog
d:\vstplugins2019\vst3sdkrev\vstbuild\public.sdk\sdk.dir\debug\sdk.tlog\custombuild.read.1.tlog
d:\vstplugins2019\vst3sdkrev\vstbuild\public.sdk\sdk.dir\debug\sdk.tlog\custombuild.write.1.tlog
d:\vstplugins2019\vst3sdkrev\vstbuild\public.sdk\sdk.dir\debug\sdk.tlog\lib-link.read.1.tlog
d:\vstplugins2019\vst3sdkrev\vstbuild\public.sdk\sdk.dir\debug\sdk.tlog\lib-link.write.1.tlog
d:\vstplugins2019\vst3sdkrev\vstbuild\public.sdk\sdk.dir\debug\sdk.tlog\lib.command.1.tlog
